<html>
<head>
<title>TestNG:  Default test</title>
<link href="../testng.css" rel="stylesheet" type="text/css" />
<link href="../my-testng.css" rel="stylesheet" type="text/css" />

<style type="text/css">
.log { display: none;} 
.stack-trace { display: none;} 
</style>
<script type="text/javascript">
<!--
function flip(e) {
  current = e.style.display;
  if (current == 'block') {
    e.style.display = 'none';
    return 0;
  }
  else {
    e.style.display = 'block';
    return 1;
  }
}

function toggleBox(szDivId, elem, msg1, msg2)
{
  var res = -1;  if (document.getElementById) {
    res = flip(document.getElementById(szDivId));
  }
  else if (document.all) {
    // this is the way old msie versions work
    res = flip(document.all[szDivId]);
  }
  if(elem) {
    if(res == 0) elem.innerHTML = msg1; else elem.innerHTML = msg2;
  }

}

function toggleAllBoxes() {
  if (document.getElementsByTagName) {
    d = document.getElementsByTagName('div');
    for (i = 0; i < d.length; i++) {
      if (d[i].className == 'log') {
        flip(d[i]);
      }
    }
  }
}

// -->
</script>

</head>
<body>
<h2 align='center'>Default test</h2><table border='1' align="center">
<tr>
<td>Tests passed/Failed/Skipped:</td><td>12/0/0</td>
</tr><tr>
<td>Started on:</td><td>Fri Jun 16 11:38:53 BRT 2017</td>
</tr>
<tr><td>Total time:</td><td>0 seconds (864 ms)</td>
</tr><tr>
<td>Included groups:</td><td></td>
</tr><tr>
<td>Excluded groups:</td><td></td>
</tr>
</table><p/>
<small><i>(Hover the method name to see the test class name)</i></small><p/>
<table width='100%' border='1' class='invocation-passed'>
<tr><td colspan='4' align='center'><b>PASSED TESTS</b></td></tr>
<tr><td><b>Test method</b></td>
<td width="30%"><b>Exception</b></td>
<td width="10%"><b>Time (seconds)</b></td>
<td><b>Instance</b></td>
</tr>
<tr>
<td title='me.compiladores.compiler.CompilerTest.compilingCode_throwsDeclaringDefinedVariableExcepton_ifVariableIsAlreadyDeclared()'><b>compilingCode_throwsDeclaringDefinedVariableExcepton_ifVariableIsAlreadyDeclared</b><br>Test class: me.compiladores.compiler.CompilerTest</td>
<td><div><pre>me.compiladores.compiler.exceptions.VariableAlreadyDeclaredException: 2:4 variable already defined &lt;a&gt;
	at me.compiladores.compiler.MySimpleVisitor.visitVarDeclaration(MySimpleVisitor.java:89)
	at me.compiladores.compiler.MySimpleVisitor.visitVarDeclaration(MySimpleVisitor.java:1)
	at me.compiladores.parser.SimpleParser$VarDeclarationContext.accept(SimpleParser.java:961)
	at org.antlr.v4.runtime.tree.AbstractParseTreeVisitor.visitChildren(AbstractParseTreeVisitor.java:46)
	at me.compiladores.parser.SimpleBaseVisitor.visitStatement(SimpleBaseVisitor.java:48)
	at me.compiladores.parser.SimpleParser$StatementContext.accept(SimpleParser.java:272)
	at org.antlr.v4.runtime.tree.AbstractParseTreeVisitor.visitChildren(AbstractParseTreeVisitor.java:46)
	at me.compiladores.parser.SimpleBaseVisitor.visitMainStatement(SimpleBaseVisitor.java:27)
	at me.compiladores.parser.SimpleParser$MainStatementContext.accept(SimpleParser.java:161)
	at org.antlr.v4.runtime.tree.AbstractParseTreeVisitor.visit(AbstractParseTreeVisitor.java:18)
	at me.compiladores.compiler.MySimpleVisitor.visitTarget(MySimpleVisitor.java:40)
	at me.compiladores.compiler.MySimpleVisitor.visitTarget(MySimpleVisitor.java:1)
	at me.compiladores.parser.SimpleParser$TargetContext.accept(SimpleParser.java:104)
	at org.antlr.v4.runtime.tree.AbstractParseTreeVisitor.visit(AbstractParseTreeVisitor.java:18)
	at me.compiladores.compiler.Main.compile(Main.java:29)
	at me.compiladores.compiler.CompilerTest.compileAndRun(CompilerTest.java:99)
	at me.compiladores.compiler.CompilerTest.compilingCode_throwsDeclaringDefinedVariableExcepton_ifVariableIsAlreadyDeclared(CompilerTest.java:74)
	at sun.reflect.NativeMethodAccessorImpl.invoke0(Native Method)
	at sun.reflect.NativeMethodAccessorImpl.invoke(NativeMethodAccessorImpl.java:62)
	at sun.reflect.DelegatingMethodAccessorImpl.invoke(DelegatingMethodAccessorImpl.java:43)
	at java.lang.reflect.Method.invoke(Method.java:498)
	at org.testng.internal.MethodInvocationHelper.invokeMethod(MethodInvocationHelper.java:108)
	at org.testng.internal.Invoker.invokeMethod(Invoker.java:661)
	at org.testng.internal.Invoker.invokeTestMethod(Invoker.java:869)
	at org.testng.internal.Invoker.invokeTestMethods(Invoker.java:1193)
	at org.testng.internal.TestMethodWorker.invokeTestMethods(TestMethodWorker.java:126)
	at org.testng.internal.TestMethodWorker.run(TestMethodWorker.java:109)
	at org.testng.TestRunner.privateRun(TestRunner.java:744)
	at org.testng.TestRunner.run(TestRunner.java:602)
	at org.testng.SuiteRunner.runTest(SuiteRunner.java:380)
	at org.testng.SuiteRunner.runSequentially(SuiteRunner.java:375)
	at org.testng.SuiteRunner.privateRun(SuiteRunner.java:340)
	at org.testng.SuiteRunner.run(SuiteRunner.java:289)
	at org.testng.SuiteRunnerWorker.runSuite(SuiteRunnerWorker.java:52)
	at org.testng.SuiteRunnerWorker.run(SuiteRunnerWorker.java:86)
	at org.testng.TestNG.runSuitesSequentially(TestNG.java:1301)
	at org.testng.TestNG.runSuitesLocally(TestNG.java:1226)
	at org.testng.TestNG.runSuites(TestNG.java:1144)
	at org.testng.TestNG.run(TestNG.java:1115)
	at org.testng.remote.AbstractRemoteTestNG.run(AbstractRemoteTestNG.java:132)
	at org.testng.remote.RemoteTestNG.initAndRun(RemoteTestNG.java:230)
	at org.testng.remote.RemoteTestNG.main(RemoteTestNG.java:76)
</pre></div><a href='#' onClick='toggleBox("stack-trace249155636", this, "Click to show all stack frames", "Click to hide stack frames")'>Click to show all stack frames</a>
<div class='stack-trace' id='stack-trace249155636'><pre>me.compiladores.compiler.exceptions.VariableAlreadyDeclaredException: 2:4 variable already defined &lt;a&gt;
	at me.compiladores.compiler.MySimpleVisitor.visitVarDeclaration(MySimpleVisitor.java:89)
	at me.compiladores.compiler.MySimpleVisitor.visitVarDeclaration(MySimpleVisitor.java:1)
	at me.compiladores.parser.SimpleParser$VarDeclarationContext.accept(SimpleParser.java:961)
	at org.antlr.v4.runtime.tree.AbstractParseTreeVisitor.visitChildren(AbstractParseTreeVisitor.java:46)
	at me.compiladores.parser.SimpleBaseVisitor.visitStatement(SimpleBaseVisitor.java:48)
	at me.compiladores.parser.SimpleParser$StatementContext.accept(SimpleParser.java:272)
	at org.antlr.v4.runtime.tree.AbstractParseTreeVisitor.visitChildren(AbstractParseTreeVisitor.java:46)
	at me.compiladores.parser.SimpleBaseVisitor.visitMainStatement(SimpleBaseVisitor.java:27)
	at me.compiladores.parser.SimpleParser$MainStatementContext.accept(SimpleParser.java:161)
	at org.antlr.v4.runtime.tree.AbstractParseTreeVisitor.visit(AbstractParseTreeVisitor.java:18)
	at me.compiladores.compiler.MySimpleVisitor.visitTarget(MySimpleVisitor.java:40)
	at me.compiladores.compiler.MySimpleVisitor.visitTarget(MySimpleVisitor.java:1)
	at me.compiladores.parser.SimpleParser$TargetContext.accept(SimpleParser.java:104)
	at org.antlr.v4.runtime.tree.AbstractParseTreeVisitor.visit(AbstractParseTreeVisitor.java:18)
	at me.compiladores.compiler.Main.compile(Main.java:29)
	at me.compiladores.compiler.CompilerTest.compileAndRun(CompilerTest.java:99)
	at me.compiladores.compiler.CompilerTest.compilingCode_throwsDeclaringDefinedVariableExcepton_ifVariableIsAlreadyDeclared(CompilerTest.java:74)
	at sun.reflect.NativeMethodAccessorImpl.invoke0(Native Method)
	at sun.reflect.NativeMethodAccessorImpl.invoke(NativeMethodAccessorImpl.java:62)
	at sun.reflect.DelegatingMethodAccessorImpl.invoke(DelegatingMethodAccessorImpl.java:43)
	at java.lang.reflect.Method.invoke(Method.java:498)
	at org.testng.internal.MethodInvocationHelper.invokeMethod(MethodInvocationHelper.java:108)
	at org.testng.internal.Invoker.invokeMethod(Invoker.java:661)
	at org.testng.internal.Invoker.invokeTestMethod(Invoker.java:869)
	at org.testng.internal.Invoker.invokeTestMethods(Invoker.java:1193)
	at org.testng.internal.TestMethodWorker.invokeTestMethods(TestMethodWorker.java:126)
	at org.testng.internal.TestMethodWorker.run(TestMethodWorker.java:109)
	at org.testng.TestRunner.privateRun(TestRunner.java:744)
	at org.testng.TestRunner.run(TestRunner.java:602)
	at org.testng.SuiteRunner.runTest(SuiteRunner.java:380)
	at org.testng.SuiteRunner.runSequentially(SuiteRunner.java:375)
	at org.testng.SuiteRunner.privateRun(SuiteRunner.java:340)
	at org.testng.SuiteRunner.run(SuiteRunner.java:289)
	at org.testng.SuiteRunnerWorker.runSuite(SuiteRunnerWorker.java:52)
	at org.testng.SuiteRunnerWorker.run(SuiteRunnerWorker.java:86)
	at org.testng.TestNG.runSuitesSequentially(TestNG.java:1301)
	at org.testng.TestNG.runSuitesLocally(TestNG.java:1226)
	at org.testng.TestNG.runSuites(TestNG.java:1144)
	at org.testng.TestNG.run(TestNG.java:1115)
	at org.testng.remote.AbstractRemoteTestNG.run(AbstractRemoteTestNG.java:132)
	at org.testng.remote.RemoteTestNG.initAndRun(RemoteTestNG.java:230)
	at org.testng.remote.RemoteTestNG.main(RemoteTestNG.java:76)
</pre></div></td>
<td>0</td>
<td>me.compiladores.compiler.CompilerTest@7dc7cbad</td></tr>
<tr>
<td title='me.compiladores.compiler.CompilerTest.compilingCode_throwsUndeclaredVariableExcepton_ifVariableIsUndefined()'><b>compilingCode_throwsUndeclaredVariableExcepton_ifVariableIsUndefined</b><br>Test class: me.compiladores.compiler.CompilerTest</td>
<td><div><pre>me.compiladores.compiler.exceptions.UndeclaredVariableException: 2:0 undeclared variable &lt;b&gt;
	at me.compiladores.compiler.MySimpleVisitor.checkVarIndex(MySimpleVisitor.java:160)
	at me.compiladores.compiler.MySimpleVisitor.visitAssignment(MySimpleVisitor.java:99)
	at me.compiladores.compiler.MySimpleVisitor.visitAssignment(MySimpleVisitor.java:1)
	at me.compiladores.parser.SimpleParser$AssignmentContext.accept(SimpleParser.java:572)
	at org.antlr.v4.runtime.tree.AbstractParseTreeVisitor.visitChildren(AbstractParseTreeVisitor.java:46)
	at me.compiladores.parser.SimpleBaseVisitor.visitStatement(SimpleBaseVisitor.java:48)
	at me.compiladores.parser.SimpleParser$StatementContext.accept(SimpleParser.java:272)
	at org.antlr.v4.runtime.tree.AbstractParseTreeVisitor.visitChildren(AbstractParseTreeVisitor.java:46)
	at me.compiladores.parser.SimpleBaseVisitor.visitMainStatement(SimpleBaseVisitor.java:27)
	at me.compiladores.parser.SimpleParser$MainStatementContext.accept(SimpleParser.java:161)
	at org.antlr.v4.runtime.tree.AbstractParseTreeVisitor.visit(AbstractParseTreeVisitor.java:18)
	at me.compiladores.compiler.MySimpleVisitor.visitTarget(MySimpleVisitor.java:40)
	at me.compiladores.compiler.MySimpleVisitor.visitTarget(MySimpleVisitor.java:1)
	at me.compiladores.parser.SimpleParser$TargetContext.accept(SimpleParser.java:104)
	at org.antlr.v4.runtime.tree.AbstractParseTreeVisitor.visit(AbstractParseTreeVisitor.java:18)
	at me.compiladores.compiler.Main.compile(Main.java:29)
	at me.compiladores.compiler.CompilerTest.compileAndRun(CompilerTest.java:99)
	at me.compiladores.compiler.CompilerTest.compilingCode_throwsUndeclaredVariableExcepton_ifVariableIsUndefined(CompilerTest.java:64)
	at sun.reflect.NativeMethodAccessorImpl.invoke0(Native Method)
	at sun.reflect.NativeMethodAccessorImpl.invoke(NativeMethodAccessorImpl.java:62)
	at sun.reflect.DelegatingMethodAccessorImpl.invoke(DelegatingMethodAccessorImpl.java:43)
	at java.lang.reflect.Method.invoke(Method.java:498)
	at org.testng.internal.MethodInvocationHelper.invokeMethod(MethodInvocationHelper.java:108)
	at org.testng.internal.Invoker.invokeMethod(Invoker.java:661)
	at org.testng.internal.Invoker.invokeTestMethod(Invoker.java:869)
	at org.testng.internal.Invoker.invokeTestMethods(Invoker.java:1193)
	at org.testng.internal.TestMethodWorker.invokeTestMethods(TestMethodWorker.java:126)
	at org.testng.internal.TestMethodWorker.run(TestMethodWorker.java:109)
	at org.testng.TestRunner.privateRun(TestRunner.java:744)
	at org.testng.TestRunner.run(TestRunner.java:602)
	at org.testng.SuiteRunner.runTest(SuiteRunner.java:380)
	at org.testng.SuiteRunner.runSequentially(SuiteRunner.java:375)
	at org.testng.SuiteRunner.privateRun(SuiteRunner.java:340)
	at org.testng.SuiteRunner.run(SuiteRunner.java:289)
	at org.testng.SuiteRunnerWorker.runSuite(SuiteRunnerWorker.java:52)
	at org.testng.SuiteRunnerWorker.run(SuiteRunnerWorker.java:86)
	at org.testng.TestNG.runSuitesSequentially(TestNG.java:1301)
	at org.testng.TestNG.runSuitesLocally(TestNG.java:1226)
	at org.testng.TestNG.runSuites(TestNG.java:1144)
	at org.testng.TestNG.run(TestNG.java:1115)
	at org.testng.remote.AbstractRemoteTestNG.run(AbstractRemoteTestNG.java:132)
	at org.testng.remote.RemoteTestNG.initAndRun(RemoteTestNG.java:230)
	at org.testng.remote.RemoteTestNG.main(RemoteTestNG.java:76)
</pre></div><a href='#' onClick='toggleBox("stack-trace1630521067", this, "Click to show all stack frames", "Click to hide stack frames")'>Click to show all stack frames</a>
<div class='stack-trace' id='stack-trace1630521067'><pre>me.compiladores.compiler.exceptions.UndeclaredVariableException: 2:0 undeclared variable &lt;b&gt;
	at me.compiladores.compiler.MySimpleVisitor.checkVarIndex(MySimpleVisitor.java:160)
	at me.compiladores.compiler.MySimpleVisitor.visitAssignment(MySimpleVisitor.java:99)
	at me.compiladores.compiler.MySimpleVisitor.visitAssignment(MySimpleVisitor.java:1)
	at me.compiladores.parser.SimpleParser$AssignmentContext.accept(SimpleParser.java:572)
	at org.antlr.v4.runtime.tree.AbstractParseTreeVisitor.visitChildren(AbstractParseTreeVisitor.java:46)
	at me.compiladores.parser.SimpleBaseVisitor.visitStatement(SimpleBaseVisitor.java:48)
	at me.compiladores.parser.SimpleParser$StatementContext.accept(SimpleParser.java:272)
	at org.antlr.v4.runtime.tree.AbstractParseTreeVisitor.visitChildren(AbstractParseTreeVisitor.java:46)
	at me.compiladores.parser.SimpleBaseVisitor.visitMainStatement(SimpleBaseVisitor.java:27)
	at me.compiladores.parser.SimpleParser$MainStatementContext.accept(SimpleParser.java:161)
	at org.antlr.v4.runtime.tree.AbstractParseTreeVisitor.visit(AbstractParseTreeVisitor.java:18)
	at me.compiladores.compiler.MySimpleVisitor.visitTarget(MySimpleVisitor.java:40)
	at me.compiladores.compiler.MySimpleVisitor.visitTarget(MySimpleVisitor.java:1)
	at me.compiladores.parser.SimpleParser$TargetContext.accept(SimpleParser.java:104)
	at org.antlr.v4.runtime.tree.AbstractParseTreeVisitor.visit(AbstractParseTreeVisitor.java:18)
	at me.compiladores.compiler.Main.compile(Main.java:29)
	at me.compiladores.compiler.CompilerTest.compileAndRun(CompilerTest.java:99)
	at me.compiladores.compiler.CompilerTest.compilingCode_throwsUndeclaredVariableExcepton_ifVariableIsUndefined(CompilerTest.java:64)
	at sun.reflect.NativeMethodAccessorImpl.invoke0(Native Method)
	at sun.reflect.NativeMethodAccessorImpl.invoke(NativeMethodAccessorImpl.java:62)
	at sun.reflect.DelegatingMethodAccessorImpl.invoke(DelegatingMethodAccessorImpl.java:43)
	at java.lang.reflect.Method.invoke(Method.java:498)
	at org.testng.internal.MethodInvocationHelper.invokeMethod(MethodInvocationHelper.java:108)
	at org.testng.internal.Invoker.invokeMethod(Invoker.java:661)
	at org.testng.internal.Invoker.invokeTestMethod(Invoker.java:869)
	at org.testng.internal.Invoker.invokeTestMethods(Invoker.java:1193)
	at org.testng.internal.TestMethodWorker.invokeTestMethods(TestMethodWorker.java:126)
	at org.testng.internal.TestMethodWorker.run(TestMethodWorker.java:109)
	at org.testng.TestRunner.privateRun(TestRunner.java:744)
	at org.testng.TestRunner.run(TestRunner.java:602)
	at org.testng.SuiteRunner.runTest(SuiteRunner.java:380)
	at org.testng.SuiteRunner.runSequentially(SuiteRunner.java:375)
	at org.testng.SuiteRunner.privateRun(SuiteRunner.java:340)
	at org.testng.SuiteRunner.run(SuiteRunner.java:289)
	at org.testng.SuiteRunnerWorker.runSuite(SuiteRunnerWorker.java:52)
	at org.testng.SuiteRunnerWorker.run(SuiteRunnerWorker.java:86)
	at org.testng.TestNG.runSuitesSequentially(TestNG.java:1301)
	at org.testng.TestNG.runSuitesLocally(TestNG.java:1226)
	at org.testng.TestNG.runSuites(TestNG.java:1144)
	at org.testng.TestNG.run(TestNG.java:1115)
	at org.testng.remote.AbstractRemoteTestNG.run(AbstractRemoteTestNG.java:132)
	at org.testng.remote.RemoteTestNG.initAndRun(RemoteTestNG.java:230)
	at org.testng.remote.RemoteTestNG.main(RemoteTestNG.java:76)
</pre></div></td>
<td>0</td>
<td>me.compiladores.compiler.CompilerTest@7dc7cbad</td></tr>
<tr>
<td title='me.compiladores.compiler.CompilerTest.runningCodeOutputsExpectedText()'><b>runningCodeOutputsExpectedText</b><br>Test class: me.compiladores.compiler.CompilerTest<br>Parameters: println(1+2);, 3
</td>
<td></td>
<td>0</td>
<td>me.compiladores.compiler.CompilerTest@7dc7cbad</td></tr>
<tr>
<td title='me.compiladores.compiler.CompilerTest.runningCodeOutputsExpectedText()'><b>runningCodeOutputsExpectedText</b><br>Test class: me.compiladores.compiler.CompilerTest<br>Parameters: println(1+3*2-5/5);, 6
</td>
<td></td>
<td>0</td>
<td>me.compiladores.compiler.CompilerTest@7dc7cbad</td></tr>
<tr>
<td title='me.compiladores.compiler.CompilerTest.runningCodeOutputsExpectedText()'><b>runningCodeOutputsExpectedText</b><br>Test class: me.compiladores.compiler.CompilerTest<br>Parameters: int foo; foo = 42; println(foo);, 42
</td>
<td></td>
<td>0</td>
<td>me.compiladores.compiler.CompilerTest@7dc7cbad</td></tr>
<tr>
<td title='me.compiladores.compiler.CompilerTest.runningCodeOutputsExpectedText()'><b>runningCodeOutputsExpectedText</b><br>Test class: me.compiladores.compiler.CompilerTest<br>Parameters: int foo; foo = 42; println(foo + 2);, 44
</td>
<td></td>
<td>0</td>
<td>me.compiladores.compiler.CompilerTest@7dc7cbad</td></tr>
<tr>
<td title='me.compiladores.compiler.CompilerTest.runningCodeOutputsExpectedText()'><b>runningCodeOutputsExpectedText</b><br>Test class: me.compiladores.compiler.CompilerTest<br>Parameters: int a; int b; a = 20; b = 40; println(a + b);, 60
</td>
<td></td>
<td>0</td>
<td>me.compiladores.compiler.CompilerTest@7dc7cbad</td></tr>
<tr>
<td title='me.compiladores.compiler.CompilerTest.runningCodeOutputsExpectedText()'><b>runningCodeOutputsExpectedText</b><br>Test class: me.compiladores.compiler.CompilerTest<br>Parameters: int a; int b; int c; a = 2; b = 4; c = 6; println(a+b); println(b*c); println(a+5*b-c/2);, 6
24
19
</td>
<td></td>
<td>0</td>
<td>me.compiladores.compiler.CompilerTest@7dc7cbad</td></tr>
<tr>
<td title='me.compiladores.compiler.CompilerTest.runningCodeOutputsExpectedText()'><b>runningCodeOutputsExpectedText</b><br>Test class: me.compiladores.compiler.CompilerTest<br>Parameters: int randomNum(){ return 4; }
println(randomNum());, 4
</td>
<td></td>
<td>0</td>
<td>me.compiladores.compiler.CompilerTest@7dc7cbad</td></tr>
<tr>
<td title='me.compiladores.compiler.CompilerTest.runningCodeOutputsExpectedText()'><b>runningCodeOutputsExpectedText</b><br>Test class: me.compiladores.compiler.CompilerTest<br>Parameters: int git(){ int a; a = 4; return a; }
println(git());, 4
</td>
<td></td>
<td>0</td>
<td>me.compiladores.compiler.CompilerTest@7dc7cbad</td></tr>
<tr>
<td title='me.compiladores.compiler.CompilerTest.runningCodeOutputsExpectedText()'><b>runningCodeOutputsExpectedText</b><br>Test class: me.compiladores.compiler.CompilerTest<br>Parameters: int gud(){ int i; i = 5 + 3; return i;}
int i; i = 0; println(i); println(gud());, 0
8
</td>
<td></td>
<td>0</td>
<td>me.compiladores.compiler.CompilerTest@7dc7cbad</td></tr>
<tr>
<td title='me.compiladores.compiler.CompilerTest.runningCodeOutputsExpectedText()'><b>runningCodeOutputsExpectedText</b><br>Test class: me.compiladores.compiler.CompilerTest<br>Parameters: int add(int a, int b){return a+b;} println(add(5,4));, 9
</td>
<td></td>
<td>0</td>
<td>me.compiladores.compiler.CompilerTest@7dc7cbad</td></tr>
</table><p>
</body>
</html>